<?xml version="1.0" encoding="UTF-8"?>
<!-- Generated by org.testng.reporters.JUnitXMLReporter -->
<testsuite ignored="0" hostname="LAPTOP-HEGOA5EQ" failures="4" tests="15" name="Test" time="182.243" errors="0" timestamp="2023-12-23T23:51:40 IST">
  <testcase classname="testscripts.DashboardTest" name="verifyFilterTest" time="1.923">
    <failure type="java.lang.AssertionError" message="expected [1] but found [0]">
      <![CDATA[java.lang.AssertionError: expected [1] but found [0]
at testscripts.DashboardTest.verifyFilterTest(DashboardTest.java:54)
at java.base/java.util.ArrayList.forEach(ArrayList.java:1541)
... Removed 38 stack frames]]>
    </failure>
  </testcase> <!-- verifyFilterTest -->
  <testcase classname="testscripts.DashboardTest" name="verifyItemListInSideFilterOptions" time="1.052"/>
  <testcase classname="testscripts.CartTest" name="verifyAddToCartFunctionality" time="31.318">
    <failure type="org.openqa.selenium.TimeoutException" message="Expected condition failed: waiting for visibility of element located by By.xpath: //b[text()=&amp;apos;adidas original&amp;apos;]/parent::h5/following-sibling::button[contains(text(),&amp;apos; Add To Cart&amp;apos;)] (tried for 30 second(s) with 500 milliseconds interval)">
      <![CDATA[org.openqa.selenium.TimeoutException: Expected condition failed: waiting for visibility of element located by By.xpath: //b[text()='adidas original']/parent::h5/following-sibling::button[contains(text(),' Add To Cart')] (tried for 30 second(s) with 500 milliseconds interval)
at org.openqa.selenium.support.ui.WebDriverWait.timeoutException(WebDriverWait.java:95)
at org.openqa.selenium.support.ui.FluentWait.until(FluentWait.java:272)
at base.ControlActions.getElement(ControlActions.java:52)
at base.ControlActions.clickOnElement(ControlActions.java:186)
at base.ControlActions.clickOnElement(ControlActions.java:182)
at pages.DashboardPage.addToCart(DashboardPage.java:108)
at testscripts.CartTest.verifyAddToCartFunctionality(CartTest.java:15)
at java.base/java.util.ArrayList.forEach(ArrayList.java:1541)
Caused by: org.openqa.selenium.NoSuchElementException: no such element: Unable to locate element: {"method":"xpath","selector":"//b[text()='adidas original']/parent::h5/following-sibling::button[contains(text(),' Add To Cart')]"}
  (Session info: chrome=120.0.6099.129)
For documentation on this error, please visit: https://www.seleniumhq.org/exceptions/no_such_element.html
Build info: version: '3.141.59', revision: 'e82be7d358', time: '2018-11-14T08:17:03'
System info: host: 'LAPTOP-HEGOA5EQ', ip: '192.168.137.1', os.name: 'Windows 11', os.arch: 'amd64', os.version: '10.0', java.version: '11.0.19'
Driver info: org.openqa.selenium.chrome.ChromeDriver
Capabilities {acceptInsecureCerts: false, browserName: chrome, browserVersion: 120.0.6099.129, chrome: {chromedriverVersion: 119.0.6045.105 (38c72552c5e..., userDataDir: C:\Users\AMARJY~1\AppData\L...}, fedcm:accounts: true, goog:chromeOptions: {debuggerAddress: localhost:53607}, javascriptEnabled: true, networkConnectionEnabled: false, pageLoadStrategy: normal, platform: WINDOWS, platformName: WINDOWS, proxy: Proxy(), setWindowRect: true, strictFileInteractability: false, timeouts: {implicit: 0, pageLoad: 300000, script: 30000}, unhandledPromptBehavior: dismiss and notify, webauthn:extension:credBlob: true, webauthn:extension:largeBlob: true, webauthn:extension:minPinLength: true, webauthn:extension:prf: true, webauthn:virtualAuthenticators: true}
Session ID: ce7df1305b96422e903a879b71a7ad5d
*** Element info: {Using=xpath, value=//b[text()='adidas original']/parent::h5/following-sibling::button[contains(text(),' Add To Cart')]}
at org.openqa.selenium.remote.http.W3CHttpResponseCodec.createException(W3CHttpResponseCodec.java:187)
at org.openqa.selenium.remote.http.W3CHttpResponseCodec.decode(W3CHttpResponseCodec.java:122)
at org.openqa.selenium.remote.http.W3CHttpResponseCodec.decode(W3CHttpResponseCodec.java:49)
at org.openqa.selenium.remote.HttpCommandExecutor.execute(HttpCommandExecutor.java:158)
at org.openqa.selenium.remote.service.DriverCommandExecutor.execute(DriverCommandExecutor.java:83)
at org.openqa.selenium.remote.RemoteWebDriver.execute(RemoteWebDriver.java:552)
at org.openqa.selenium.remote.RemoteWebDriver.findElement(RemoteWebDriver.java:323)
at org.openqa.selenium.remote.RemoteWebDriver.findElementByXPath(RemoteWebDriver.java:428)
at org.openqa.selenium.By$ByXPath.findElement(By.java:353)
at org.openqa.selenium.remote.RemoteWebDriver.findElement(RemoteWebDriver.java:315)
at org.openqa.selenium.support.ui.ExpectedConditions$7.apply(ExpectedConditions.java:205)
at org.openqa.selenium.support.ui.ExpectedConditions$7.apply(ExpectedConditions.java:201)
at org.openqa.selenium.support.ui.FluentWait.until(FluentWait.java:249)
... 37 more
... Removed 34 stack frames]]>
    </failure>
  </testcase> <!-- verifyAddToCartFunctionality -->
  <testcase classname="testscripts.CartTest" name="verifyCartListAfterLogout" time="31.254">
    <failure type="org.openqa.selenium.TimeoutException" message="Expected condition failed: waiting for visibility of element located by By.xpath: //b[text()=&amp;apos;adidas original&amp;apos;]/parent::h5/following-sibling::button[contains(text(),&amp;apos; Add To Cart&amp;apos;)] (tried for 30 second(s) with 500 milliseconds interval)">
      <![CDATA[org.openqa.selenium.TimeoutException: Expected condition failed: waiting for visibility of element located by By.xpath: //b[text()='adidas original']/parent::h5/following-sibling::button[contains(text(),' Add To Cart')] (tried for 30 second(s) with 500 milliseconds interval)
at org.openqa.selenium.support.ui.WebDriverWait.timeoutException(WebDriverWait.java:95)
at org.openqa.selenium.support.ui.FluentWait.until(FluentWait.java:272)
at base.ControlActions.getElement(ControlActions.java:52)
at base.ControlActions.clickOnElement(ControlActions.java:186)
at base.ControlActions.clickOnElement(ControlActions.java:182)
at pages.DashboardPage.addToCart(DashboardPage.java:108)
at testscripts.CartTest.verifyCartListAfterLogout(CartTest.java:73)
at java.base/java.util.ArrayList.forEach(ArrayList.java:1541)
Caused by: org.openqa.selenium.NoSuchElementException: no such element: Unable to locate element: {"method":"xpath","selector":"//b[text()='adidas original']/parent::h5/following-sibling::button[contains(text(),' Add To Cart')]"}
  (Session info: chrome=120.0.6099.129)
For documentation on this error, please visit: https://www.seleniumhq.org/exceptions/no_such_element.html
Build info: version: '3.141.59', revision: 'e82be7d358', time: '2018-11-14T08:17:03'
System info: host: 'LAPTOP-HEGOA5EQ', ip: '192.168.137.1', os.name: 'Windows 11', os.arch: 'amd64', os.version: '10.0', java.version: '11.0.19'
Driver info: org.openqa.selenium.chrome.ChromeDriver
Capabilities {acceptInsecureCerts: false, browserName: chrome, browserVersion: 120.0.6099.129, chrome: {chromedriverVersion: 119.0.6045.105 (38c72552c5e..., userDataDir: C:\Users\AMARJY~1\AppData\L...}, fedcm:accounts: true, goog:chromeOptions: {debuggerAddress: localhost:53633}, javascriptEnabled: true, networkConnectionEnabled: false, pageLoadStrategy: normal, platform: WINDOWS, platformName: WINDOWS, proxy: Proxy(), setWindowRect: true, strictFileInteractability: false, timeouts: {implicit: 0, pageLoad: 300000, script: 30000}, unhandledPromptBehavior: dismiss and notify, webauthn:extension:credBlob: true, webauthn:extension:largeBlob: true, webauthn:extension:minPinLength: true, webauthn:extension:prf: true, webauthn:virtualAuthenticators: true}
Session ID: 1ab10c5547043de49a6cdeb1e081e187
*** Element info: {Using=xpath, value=//b[text()='adidas original']/parent::h5/following-sibling::button[contains(text(),' Add To Cart')]}
at org.openqa.selenium.remote.http.W3CHttpResponseCodec.createException(W3CHttpResponseCodec.java:187)
at org.openqa.selenium.remote.http.W3CHttpResponseCodec.decode(W3CHttpResponseCodec.java:122)
at org.openqa.selenium.remote.http.W3CHttpResponseCodec.decode(W3CHttpResponseCodec.java:49)
at org.openqa.selenium.remote.HttpCommandExecutor.execute(HttpCommandExecutor.java:158)
at org.openqa.selenium.remote.service.DriverCommandExecutor.execute(DriverCommandExecutor.java:83)
at org.openqa.selenium.remote.RemoteWebDriver.execute(RemoteWebDriver.java:552)
at org.openqa.selenium.remote.RemoteWebDriver.findElement(RemoteWebDriver.java:323)
at org.openqa.selenium.remote.RemoteWebDriver.findElementByXPath(RemoteWebDriver.java:428)
at org.openqa.selenium.By$ByXPath.findElement(By.java:353)
at org.openqa.selenium.remote.RemoteWebDriver.findElement(RemoteWebDriver.java:315)
at org.openqa.selenium.support.ui.ExpectedConditions$7.apply(ExpectedConditions.java:205)
at org.openqa.selenium.support.ui.ExpectedConditions$7.apply(ExpectedConditions.java:201)
at org.openqa.selenium.support.ui.FluentWait.until(FluentWait.java:249)
... 37 more
... Removed 34 stack frames]]>
    </failure>
  </testcase> <!-- verifyCartListAfterLogout -->
  <testcase classname="testscripts.CartTest" name="verifyMultipleAddToCartProductFunctionality" time="31.197">
    <failure type="org.openqa.selenium.TimeoutException" message="Expected condition failed: waiting for visibility of element located by By.xpath: //b[text()=&amp;apos;adidas original&amp;apos;]/parent::h5/following-sibling::button[contains(text(),&amp;apos; Add To Cart&amp;apos;)] (tried for 30 second(s) with 500 milliseconds interval)">
      <![CDATA[org.openqa.selenium.TimeoutException: Expected condition failed: waiting for visibility of element located by By.xpath: //b[text()='adidas original']/parent::h5/following-sibling::button[contains(text(),' Add To Cart')] (tried for 30 second(s) with 500 milliseconds interval)
at org.openqa.selenium.support.ui.WebDriverWait.timeoutException(WebDriverWait.java:95)
at org.openqa.selenium.support.ui.FluentWait.until(FluentWait.java:272)
at base.ControlActions.getElement(ControlActions.java:52)
at base.ControlActions.clickOnElement(ControlActions.java:186)
at base.ControlActions.clickOnElement(ControlActions.java:182)
at pages.DashboardPage.addToCart(DashboardPage.java:108)
at testscripts.CartTest.verifyMultipleAddToCartProductFunctionality(CartTest.java:43)
at java.base/java.util.ArrayList.forEach(ArrayList.java:1541)
Caused by: org.openqa.selenium.NoSuchElementException: no such element: Unable to locate element: {"method":"xpath","selector":"//b[text()='adidas original']/parent::h5/following-sibling::button[contains(text(),' Add To Cart')]"}
  (Session info: chrome=120.0.6099.129)
For documentation on this error, please visit: https://www.seleniumhq.org/exceptions/no_such_element.html
Build info: version: '3.141.59', revision: 'e82be7d358', time: '2018-11-14T08:17:03'
System info: host: 'LAPTOP-HEGOA5EQ', ip: '192.168.137.1', os.name: 'Windows 11', os.arch: 'amd64', os.version: '10.0', java.version: '11.0.19'
Driver info: org.openqa.selenium.chrome.ChromeDriver
Capabilities {acceptInsecureCerts: false, browserName: chrome, browserVersion: 120.0.6099.129, chrome: {chromedriverVersion: 119.0.6045.105 (38c72552c5e..., userDataDir: C:\Users\AMARJY~1\AppData\L...}, fedcm:accounts: true, goog:chromeOptions: {debuggerAddress: localhost:53659}, javascriptEnabled: true, networkConnectionEnabled: false, pageLoadStrategy: normal, platform: WINDOWS, platformName: WINDOWS, proxy: Proxy(), setWindowRect: true, strictFileInteractability: false, timeouts: {implicit: 0, pageLoad: 300000, script: 30000}, unhandledPromptBehavior: dismiss and notify, webauthn:extension:credBlob: true, webauthn:extension:largeBlob: true, webauthn:extension:minPinLength: true, webauthn:extension:prf: true, webauthn:virtualAuthenticators: true}
Session ID: 04a0d71c0c636dfa0a45411f815e6430
*** Element info: {Using=xpath, value=//b[text()='adidas original']/parent::h5/following-sibling::button[contains(text(),' Add To Cart')]}
at org.openqa.selenium.remote.http.W3CHttpResponseCodec.createException(W3CHttpResponseCodec.java:187)
at org.openqa.selenium.remote.http.W3CHttpResponseCodec.decode(W3CHttpResponseCodec.java:122)
at org.openqa.selenium.remote.http.W3CHttpResponseCodec.decode(W3CHttpResponseCodec.java:49)
at org.openqa.selenium.remote.HttpCommandExecutor.execute(HttpCommandExecutor.java:158)
at org.openqa.selenium.remote.service.DriverCommandExecutor.execute(DriverCommandExecutor.java:83)
at org.openqa.selenium.remote.RemoteWebDriver.execute(RemoteWebDriver.java:552)
at org.openqa.selenium.remote.RemoteWebDriver.findElement(RemoteWebDriver.java:323)
at org.openqa.selenium.remote.RemoteWebDriver.findElementByXPath(RemoteWebDriver.java:428)
at org.openqa.selenium.By$ByXPath.findElement(By.java:353)
at org.openqa.selenium.remote.RemoteWebDriver.findElement(RemoteWebDriver.java:315)
at org.openqa.selenium.support.ui.ExpectedConditions$7.apply(ExpectedConditions.java:205)
at org.openqa.selenium.support.ui.ExpectedConditions$7.apply(ExpectedConditions.java:201)
at org.openqa.selenium.support.ui.FluentWait.until(FluentWait.java:249)
... 37 more
... Removed 34 stack frames]]>
    </failure>
  </testcase> <!-- verifyMultipleAddToCartProductFunctionality -->
  <testcase classname="testscripts.LoginTest" name="verifyEmailErrorMessageDisplayed" time="0.318"/>
  <testcase classname="testscripts.LoginTest" name="verifyErrorMessages" time="0.222"/>
  <testcase classname="testscripts.LoginTest" name="verifyLogin" time="1.035"/>
  <testcase classname="testscripts.LoginTest" name="verifyPasswordErrorMessage" time="0.342"/>
  <testcase classname="testscripts.LoginTest" name="verifyloginUsingDataDriven" time="6.274"/>
  <testcase classname="testscripts.LoginTest" name="verifyloginUsingDataDriven" time="6.235"/>
  <testcase classname="testscripts.LoginTest" name="verifyloginUsingDataDriven" time="6.233"/>
  <testcase classname="testscripts.LoginTest" name="verifyloginUsingDataDriven" time="6.346"/>
  <testcase classname="testscripts.LoginTest" name="verifyloginUsingDataDriven" time="6.413"/>
  <testcase classname="testscripts.LoginTest" name="verifyloginUsingDataDriven" time="6.299"/>
</testsuite> <!-- Test -->
